<?xml version="1.0" encoding="UTF-8"?>
<!-- Generated by org.testng.reporters.JUnitReportReporter -->
<testsuite hostname="DESKTOP-9D7G99Q" failures="0" tests="1" name="sample.DemoFrameWork" time="0.017" errors="0" timestamp="2023-09-03T07:29:46 IST" skipped="0">
  <testcase classname="sample.DemoFrameWork" name="Demo" time="0.017"/>
</testsuite> <!-- sample.DemoFrameWork -->
